android/build/outputs/logs/manifest-merger-debug-report.txt
-- Merging decision tree log ---
manifest
ADDED from SeaWar/android/AndroidManifest.xml:2:1-25:12
	package
		ADDED from SeaWar/android/AndroidManifest.xml:3:5-39
		INJECTED from SeaWar/android/AndroidManifest.xml
		INJECTED from SeaWar/android/AndroidManifest.xml
	android:versionName
		INJECTED from SeaWar/android/AndroidManifest.xml
		INJECTED from SeaWar/android/AndroidManifest.xml
	xmlns:android
		ADDED from SeaWar/android/AndroidManifest.xml:2:11-69
	android:versionCode
		INJECTED from SeaWar/android/AndroidManifest.xml
		INJECTED from SeaWar/android/AndroidManifest.xml
uses-sdk
ADDED from SeaWar/android/AndroidManifest.xml:5:5-74
	android:targetSdkVersion
		ADDED from SeaWar/android/AndroidManifest.xml:5:42-71
		INJECTED from SeaWar/android/AndroidManifest.xml
		INJECTED from SeaWar/android/AndroidManifest.xml
	android:minSdkVersion
		ADDED from SeaWar/android/AndroidManifest.xml:5:15-41
		INJECTED from SeaWar/android/AndroidManifest.xml
		INJECTED from SeaWar/android/AndroidManifest.xml
uses-feature#0x00020000
ADDED from SeaWar/android/AndroidManifest.xml:6:5-77
	android:glEsVersion
		ADDED from SeaWar/android/AndroidManifest.xml:6:19-51
	android:required
		ADDED from SeaWar/android/AndroidManifest.xml:6:52-75
application
ADDED from SeaWar/android/AndroidManifest.xml:8:5-23:19
	android:label
		ADDED from SeaWar/android/AndroidManifest.xml:11:9-41
	android:allowBackup
		ADDED from SeaWar/android/AndroidManifest.xml:9:9-35
	android:icon
		ADDED from SeaWar/android/AndroidManifest.xml:10:9-45
	android:theme
		ADDED from SeaWar/android/AndroidManifest.xml:12:9-40
activity#fr.lesprogbretons.seawar.AndroidLauncher
ADDED from SeaWar/android/AndroidManifest.xml:13:9-22:20
	android:screenOrientation
		ADDED from SeaWar/android/AndroidManifest.xml:16:13-50
	android:label
		ADDED from SeaWar/android/AndroidManifest.xml:15:13-45
	android:configChanges
		ADDED from SeaWar/android/AndroidManifest.xml:17:13-94
	android:name
		ADDED from SeaWar/android/AndroidManifest.xml:14:13-68
intent-filter#android.intent.action.MAIN+android.intent.category.LAUNCHER
ADDED from SeaWar/android/AndroidManifest.xml:18:13-21:29
action#android.intent.action.MAIN
ADDED from SeaWar/android/AndroidManifest.xml:19:17-69
	android:name
		ADDED from SeaWar/android/AndroidManifest.xml:19:25-66
category#android.intent.category.LAUNCHER
ADDED from SeaWar/android/AndroidManifest.xml:20:17-77
	android:name
		ADDED from SeaWar/android/AndroidManifest.xml:20:27-74